[0m22:42:20.000816 [debug] [MainThread]: Sending event: {'category': 'dbt', 'action': 'invocation', 'label': 'start', 'context': [<snowplow_tracker.self_describing_json.SelfDescribingJson object at 0x000001F21AE678F0>, <snowplow_tracker.self_describing_json.SelfDescribingJson object at 0x000001F21CB7E870>, <snowplow_tracker.self_describing_json.SelfDescribingJson object at 0x000001F21D4AC7A0>]}


============================== 22:42:20.025659 | 373bb242-ca53-4839-b4a9-49a43028968b ==============================
[0m22:42:20.025659 [info ] [MainThread]: Running with dbt=1.10.5
[0m22:42:20.029127 [debug] [MainThread]: running dbt with arguments {'printer_width': '80', 'indirect_selection': 'eager', 'log_cache_events': 'False', 'write_json': 'True', 'partial_parse': 'True', 'cache_selected_only': 'False', 'profiles_dir': 'C:\\Users\\Ruchira\\.dbt', 'fail_fast': 'False', 'warn_error': 'None', 'log_path': 'logs', 'debug': 'False', 'version_check': 'True', 'use_colors': 'True', 'use_experimental_parser': 'False', 'empty': 'None', 'quiet': 'False', 'no_print': 'None', 'log_format': 'default', 'invocation_command': 'dbt init financial_models', 'static_parser': 'True', 'introspect': 'True', 'target_path': 'None', 'warn_error_options': 'WarnErrorOptionsV2(error=[], warn=[], silence=[])', 'send_anonymous_usage_stats': 'True'}
[0m22:42:20.299401 [info ] [MainThread]: Creating dbt configuration folder at C:\Users\Ruchira\.dbt
[0m22:42:20.311497 [debug] [MainThread]: Starter project path: D:\Masters\My Projects\Financial Analysis\venv\Lib\site-packages\dbt\include\starter_project
[0m22:42:20.433532 [info ] [MainThread]: 
Your new dbt project "financial_models" was created!

For more information on how to configure the profiles.yml file,
please consult the dbt documentation here:

  https://docs.getdbt.com/docs/configure-your-profile

One more thing:

Need help? Don't hesitate to reach out to us via GitHub issues or on Slack:

  https://community.getdbt.com/

Happy modeling!

[0m22:42:20.450870 [info ] [MainThread]: Setting up your profile.
[0m22:42:31.596522 [info ] [MainThread]: Profile financial_models written to C:\Users\Ruchira\.dbt\profiles.yml using target's sample configuration. Once updated, you'll be able to start developing with dbt.
[0m22:42:31.598526 [debug] [MainThread]: Command `dbt init` succeeded at 22:42:31.597434 after 12.34 seconds
[0m22:42:31.598526 [debug] [MainThread]: Sending event: {'category': 'dbt', 'action': 'invocation', 'label': 'end', 'context': [<snowplow_tracker.self_describing_json.SelfDescribingJson object at 0x000001F21CF8F320>, <snowplow_tracker.self_describing_json.SelfDescribingJson object at 0x000001F21D9DC800>, <snowplow_tracker.self_describing_json.SelfDescribingJson object at 0x000001F21D9DC530>]}
[0m22:42:31.599514 [debug] [MainThread]: Flushing usage events
[0m22:42:31.966532 [debug] [MainThread]: An error was encountered while trying to flush usage events
